2019-09-29 21:50:46.741  INFO 10264 --- [main] o.x.r.ReliableBusinessManagerApplication : No active profile set, falling back to default profiles: default
2019-09-29 21:50:48.693  WARN 10264 --- [main] o.s.boot.actuate.endpoint.EndpointId     : Endpoint ID 'bus-env' contains invalid characters, please migrate to a valid format.
2019-09-29 21:50:48.708  WARN 10264 --- [main] o.s.boot.actuate.endpoint.EndpointId     : Endpoint ID 'bus-refresh' contains invalid characters, please migrate to a valid format.
2019-09-29 21:50:51.057  WARN 10264 --- [main] o.s.boot.actuate.endpoint.EndpointId     : Endpoint ID 'service-registry' contains invalid characters, please migrate to a valid format.
2019-09-29 21:50:51.520  INFO 10264 --- [main] o.s.cloud.context.scope.GenericScope     : BeanFactory id=65ecf6a6-8c71-3e44-901a-621f7032a4f3
2019-09-29 21:50:51.560  INFO 10264 --- [main] faultConfiguringBeanFactoryPostProcessor : No bean named 'errorChannel' has been explicitly defined. Therefore, a default PublishSubscribeChannel will be created.
2019-09-29 21:50:51.574  INFO 10264 --- [main] faultConfiguringBeanFactoryPostProcessor : No bean named 'taskScheduler' has been explicitly defined. Therefore, a default ThreadPoolTaskScheduler will be created.
2019-09-29 21:50:51.595  INFO 10264 --- [main] faultConfiguringBeanFactoryPostProcessor : No bean named 'integrationHeaderChannelRegistry' has been explicitly defined. Therefore, a default DefaultHeaderChannelRegistry will be created.
2019-09-29 21:50:51.650  INFO 10264 --- [main] trationDelegate$BeanPostProcessorChecker : Bean 'org.xarch.reliable.service.feign.FeignClearManager' of type [org.springframework.cloud.openfeign.FeignClientFactoryBean] is not eligible for getting processed by all BeanPostProcessors (for example: not eligible for auto-proxying)
2019-09-29 21:50:51.651  INFO 10264 --- [main] trationDelegate$BeanPostProcessorChecker : Bean 'org.xarch.reliable.service.feign.FeignDataManager' of type [org.springframework.cloud.openfeign.FeignClientFactoryBean] is not eligible for getting processed by all BeanPostProcessors (for example: not eligible for auto-proxying)
2019-09-29 21:50:51.652  INFO 10264 --- [main] trationDelegate$BeanPostProcessorChecker : Bean 'org.xarch.reliable.service.feign.FeignJsapiManager' of type [org.springframework.cloud.openfeign.FeignClientFactoryBean] is not eligible for getting processed by all BeanPostProcessors (for example: not eligible for auto-proxying)
2019-09-29 21:50:51.653  INFO 10264 --- [main] trationDelegate$BeanPostProcessorChecker : Bean 'org.xarch.reliable.service.feign.FeignPayManager' of type [org.springframework.cloud.openfeign.FeignClientFactoryBean] is not eligible for getting processed by all BeanPostProcessors (for example: not eligible for auto-proxying)
2019-09-29 21:50:51.848  INFO 10264 --- [main] trationDelegate$BeanPostProcessorChecker : Bean 'integrationDisposableAutoCreatedBeans' of type [org.springframework.integration.config.annotation.Disposables] is not eligible for getting processed by all BeanPostProcessors (for example: not eligible for auto-proxying)
2019-09-29 21:50:51.878  INFO 10264 --- [main] trationDelegate$BeanPostProcessorChecker : Bean 'org.springframework.integration.config.IntegrationManagementConfiguration' of type [org.springframework.integration.config.IntegrationManagementConfiguration$$EnhancerBySpringCGLIB$$43507865] is not eligible for getting processed by all BeanPostProcessors (for example: not eligible for auto-proxying)
2019-09-29 21:50:51.891  INFO 10264 --- [main] trationDelegate$BeanPostProcessorChecker : Bean 'org.springframework.boot.autoconfigure.integration.IntegrationAutoConfiguration$IntegrationJmxConfiguration' of type [org.springframework.boot.autoconfigure.integration.IntegrationAutoConfiguration$IntegrationJmxConfiguration$$EnhancerBySpringCGLIB$$1ee28385] is not eligible for getting processed by all BeanPostProcessors (for example: not eligible for auto-proxying)
2019-09-29 21:50:51.929  INFO 10264 --- [main] trationDelegate$BeanPostProcessorChecker : Bean 'org.springframework.boot.autoconfigure.jmx.JmxAutoConfiguration' of type [org.springframework.boot.autoconfigure.jmx.JmxAutoConfiguration$$EnhancerBySpringCGLIB$$57ca2c52] is not eligible for getting processed by all BeanPostProcessors (for example: not eligible for auto-proxying)
2019-09-29 21:50:51.935  INFO 10264 --- [main] trationDelegate$BeanPostProcessorChecker : Bean 'mbeanServer' of type [com.sun.jmx.mbeanserver.JmxMBeanServer] is not eligible for getting processed by all BeanPostProcessors (for example: not eligible for auto-proxying)
2019-09-29 21:50:51.959  INFO 10264 --- [main] trationDelegate$BeanPostProcessorChecker : Bean 'org.springframework.cloud.autoconfigure.ConfigurationPropertiesRebinderAutoConfiguration' of type [org.springframework.cloud.autoconfigure.ConfigurationPropertiesRebinderAutoConfiguration$$EnhancerBySpringCGLIB$$f478c033] is not eligible for getting processed by all BeanPostProcessors (for example: not eligible for auto-proxying)
2019-09-29 21:50:53.103  INFO 10264 --- [main] o.s.s.c.ThreadPoolTaskScheduler          : Initializing ExecutorService 'taskScheduler'
2019-09-29 21:50:53.699  WARN 10264 --- [main] c.n.c.sources.URLConfigurationSource     : No URLs will be polled as dynamic configuration sources.
2019-09-29 21:50:53.699  INFO 10264 --- [main] c.n.c.sources.URLConfigurationSource     : To enable URLs as dynamic configuration sources, define System property archaius.configurationSource.additionalUrls or make config.properties available on classpath.
2019-09-29 21:50:53.711  INFO 10264 --- [main] c.netflix.config.DynamicPropertyFactory  : DynamicPropertyFactory is initialized with configuration sources: com.netflix.config.ConcurrentCompositeConfiguration@10bf1ec9
2019-09-29 21:50:53.776  INFO 10264 --- [main] o.s.s.concurrent.ThreadPoolTaskExecutor  : Initializing ExecutorService
2019-09-29 21:50:53.778  INFO 10264 --- [main] o.s.s.concurrent.ThreadPoolTaskExecutor  : Initializing ExecutorService 'asyncExecutor'
2019-09-29 21:50:53.796  WARN 10264 --- [main] c.n.c.sources.URLConfigurationSource     : No URLs will be polled as dynamic configuration sources.
2019-09-29 21:50:53.796  INFO 10264 --- [main] c.n.c.sources.URLConfigurationSource     : To enable URLs as dynamic configuration sources, define System property archaius.configurationSource.additionalUrls or make config.properties available on classpath.
2019-09-29 21:50:54.362 DEBUG 10264 --- [main] s.w.r.r.m.a.RequestMappingHandlerMapping : 2 mappings in 'requestMappingHandlerMapping'
2019-09-29 21:50:54.377 DEBUG 10264 --- [main] o.s.w.r.handler.SimpleUrlHandlerMapping  : Patterns [/webjars/**, /**] in 'resourceHandlerMapping'
2019-09-29 21:50:55.006  INFO 10264 --- [main] o.s.b.a.e.web.EndpointLinksResolver      : Exposing 2 endpoint(s) beneath base path '/actuator'
2019-09-29 21:50:55.126 DEBUG 10264 --- [main] o.s.w.r.r.m.a.ControllerMethodResolver   : ControllerAdvice beans: none
2019-09-29 21:50:55.301 DEBUG 10264 --- [main] o.s.w.s.adapter.HttpWebHandlerAdapter    : enableLoggingRequestDetails='false': form data and headers will be masked to prevent unsafe logging of potentially sensitive data
2019-09-29 21:50:58.626  INFO 10264 --- [main] o.s.cloud.commons.util.InetUtils         : Cannot determine local hostname
2019-09-29 21:51:00.598  INFO 10264 --- [main] o.s.cloud.commons.util.InetUtils         : Cannot determine local hostname
2019-09-29 21:51:01.175  INFO 10264 --- [main] com.netflix.discovery.DiscoveryClient    : Shutting down DiscoveryClient ...
2019-09-29 21:51:01.186  INFO 10264 --- [main] com.netflix.discovery.DiscoveryClient    : Completed shut down of DiscoveryClient
2019-09-29 21:51:01.901  INFO 10264 --- [main] o.s.c.s.m.DirectWithAttributesChannel    : Channel 'reliable-business-manager-1.springCloudBusInput' has 1 subscriber(s).
2019-09-29 21:51:02.359  INFO 10264 --- [main] o.s.i.monitor.IntegrationMBeanExporter   : Registering MessageChannel springCloudBusInput
2019-09-29 21:51:02.490  INFO 10264 --- [main] o.s.i.monitor.IntegrationMBeanExporter   : Registering MessageChannel errorChannel
2019-09-29 21:51:02.553  INFO 10264 --- [main] o.s.i.monitor.IntegrationMBeanExporter   : Registering MessageChannel nullChannel
2019-09-29 21:51:02.582  INFO 10264 --- [main] o.s.i.monitor.IntegrationMBeanExporter   : Registering MessageChannel springCloudBusOutput
2019-09-29 21:51:02.603  INFO 10264 --- [main] o.s.i.monitor.IntegrationMBeanExporter   : Registering MessageHandler org.springframework.cloud.stream.binding.StreamListenerMessageHandler@4345fd45
2019-09-29 21:51:02.745  INFO 10264 --- [main] o.s.i.monitor.IntegrationMBeanExporter   : Registering MessageHandler errorLogger
2019-09-29 21:51:02.863  INFO 10264 --- [main] o.s.i.endpoint.EventDrivenConsumer       : Adding {logging-channel-adapter:_org.springframework.integration.errorLogger} as a subscriber to the 'errorChannel' channel
2019-09-29 21:51:02.864  INFO 10264 --- [main] o.s.i.channel.PublishSubscribeChannel    : Channel 'reliable-business-manager-1.errorChannel' has 1 subscriber(s).
2019-09-29 21:51:02.864  INFO 10264 --- [main] o.s.i.endpoint.EventDrivenConsumer       : started _org.springframework.integration.errorLogger
2019-09-29 21:51:04.791  INFO 10264 --- [main] c.c.c.ConfigServicePropertySourceLocator : Fetching config from server at : http://47.104.89.2:8010/
2019-09-29 21:51:04.792 DEBUG 10264 --- [main] o.s.web.client.RestTemplate              : HTTP GET http://47.104.89.2:8010/rabbitmq-bus,async-thread,logback-web-debug,feign,ribbon-eager-load-business/dev/master
2019-09-29 21:51:04.798 DEBUG 10264 --- [main] o.s.web.client.RestTemplate              : Accept=[application/json, application/*+json]
2019-09-29 21:51:06.131 DEBUG 10264 --- [main] o.s.web.client.RestTemplate              : Response 200 OK
2019-09-29 21:51:06.132 DEBUG 10264 --- [main] o.s.web.client.RestTemplate              : Reading to [org.springframework.cloud.config.environment.Environment]
2019-09-29 21:51:06.134  INFO 10264 --- [main] c.c.c.ConfigServicePropertySourceLocator : Located environment: name=rabbitmq-bus,async-thread,logback-web-debug,feign,ribbon-eager-load-business, profiles=[dev], label=master, version=ae597f8c073e85b0ddab796fc03b739723bfb231, state=null
2019-09-29 21:51:06.134  INFO 10264 --- [main] b.c.PropertySourceBootstrapConfiguration : Located property source: CompositePropertySource {name='configService', propertySources=[MapPropertySource {name='configClient'}, MapPropertySource {name='https://github.com/xarch-reliable/reliable-config-repository/reliable-config-repo/thread-pool/async-thread.yml'}, MapPropertySource {name='https://github.com/xarch-reliable/reliable-config-repository/reliable-config-repo/logback/logback-web-debug.yml'}, MapPropertySource {name='https://github.com/xarch-reliable/reliable-config-repository/reliable-config-repo/feign/ribbon-eager-load-business.yml'}, MapPropertySource {name='https://github.com/xarch-reliable/reliable-config-repository/reliable-config-repo/feign/feign.yml'}, MapPropertySource {name='https://github.com/xarch-reliable/reliable-config-repository/reliable-config-repo/bus/rabbitmq-bus.yml'}]}
2019-09-29 21:51:06.994  INFO 10264 --- [main] c.netflix.config.ChainedDynamicProperty  : Flipping property: reliable-draft-manager.ribbon.ActiveConnectionsLimit to use NEXT property: niws.loadbalancer.availabilityFilteringRule.activeConnectionsLimit = 2147483647
2019-09-29 21:51:07.025  INFO 10264 --- [main] c.n.u.concurrent.ShutdownEnabledTimer    : Shutdown hook installed for: NFLoadBalancer-PingTimer-reliable-draft-manager
2019-09-29 21:51:07.025  INFO 10264 --- [main] c.netflix.loadbalancer.BaseLoadBalancer  : Client: reliable-draft-manager instantiated a LoadBalancer: DynamicServerListLoadBalancer:{NFLoadBalancer:name=reliable-draft-manager,current list of Servers=[],Load balancer stats=Zone stats: {},Server stats: []}ServerList:null
2019-09-29 21:51:07.031  INFO 10264 --- [main] c.n.l.DynamicServerListLoadBalancer      : Using serverListUpdater PollingServerListUpdater
2019-09-29 21:51:07.044  INFO 10264 --- [main] o.s.c.n.eureka.InstanceInfoFactory       : Setting initial instance status as: STARTING
2019-09-29 21:51:07.047  INFO 10264 --- [main] com.netflix.discovery.DiscoveryClient    : Initializing Eureka in region us-east-1
2019-09-29 21:51:07.051  INFO 10264 --- [main] c.n.d.provider.DiscoveryJerseyProvider   : Using JSON encoding codec LegacyJacksonJson
2019-09-29 21:51:07.052  INFO 10264 --- [main] c.n.d.provider.DiscoveryJerseyProvider   : Using JSON decoding codec LegacyJacksonJson
2019-09-29 21:51:07.052  INFO 10264 --- [main] c.n.d.provider.DiscoveryJerseyProvider   : Using XML encoding codec XStreamXml
2019-09-29 21:51:07.052  INFO 10264 --- [main] c.n.d.provider.DiscoveryJerseyProvider   : Using XML decoding codec XStreamXml
2019-09-29 21:51:07.187  INFO 10264 --- [main] c.n.d.s.r.aws.ConfigClusterResolver      : Resolving eureka endpoints via configuration
2019-09-29 21:51:07.189  INFO 10264 --- [main] com.netflix.discovery.DiscoveryClient    : Disable delta property : false
2019-09-29 21:51:07.190  INFO 10264 --- [main] com.netflix.discovery.DiscoveryClient    : Single vip registry refresh property : null
2019-09-29 21:51:07.191  INFO 10264 --- [main] com.netflix.discovery.DiscoveryClient    : Force full registry fetch : false
2019-09-29 21:51:07.191  INFO 10264 --- [main] com.netflix.discovery.DiscoveryClient    : Application is null : false
2019-09-29 21:51:07.191  INFO 10264 --- [main] com.netflix.discovery.DiscoveryClient    : Registered Applications size is zero : true
2019-09-29 21:51:07.191  INFO 10264 --- [main] com.netflix.discovery.DiscoveryClient    : Application version is -1: true
2019-09-29 21:51:07.192  INFO 10264 --- [main] com.netflix.discovery.DiscoveryClient    : Getting all instance registry info from the eureka server
2019-09-29 21:51:07.354  INFO 10264 --- [main] com.netflix.discovery.DiscoveryClient    : The response status is 200
2019-09-29 21:51:07.357  INFO 10264 --- [main] com.netflix.discovery.DiscoveryClient    : Starting heartbeat executor: renew interval is: 30
2019-09-29 21:51:07.361  INFO 10264 --- [main] c.n.discovery.InstanceInfoReplicator     : InstanceInfoReplicator onDemand update allowed rate per min is 4
2019-09-29 21:51:07.364  INFO 10264 --- [main] com.netflix.discovery.DiscoveryClient    : Discovery Client initialized at timestamp 1569765067364 with initial instances count: 28
2019-09-29 21:51:07.428  INFO 10264 --- [main] c.netflix.config.ChainedDynamicProperty  : Flipping property: reliable-draft-manager.ribbon.ActiveConnectionsLimit to use NEXT property: niws.loadbalancer.availabilityFilteringRule.activeConnectionsLimit = 2147483647
2019-09-29 21:51:07.430  INFO 10264 --- [main] c.n.l.DynamicServerListLoadBalancer      : DynamicServerListLoadBalancer for client reliable-draft-manager initialized: DynamicServerListLoadBalancer:{NFLoadBalancer:name=reliable-draft-manager,current list of Servers=[47.104.82.217:8850],Load balancer stats=Zone stats: {defaultzone=[Zone:defaultzone;	Instance count:1;	Active connections count: 0;	Circuit breaker tripped count: 0;	Active connections per server: 0.0;]
},Server stats: [[Server:47.104.82.217:8850;	Zone:defaultZone;	Total Requests:0;	Successive connection failure:0;	Total blackout seconds:0;	Last connection made:Thu Jan 01 08:00:00 CST 1970;	First connection made: Thu Jan 01 08:00:00 CST 1970;	Active Connections:0;	total failure count in last (1000) msecs:0;	average resp time:0.0;	90 percentile resp time:0.0;	95 percentile resp time:0.0;	min resp time:0.0;	max resp time:0.0;	stddev resp time:0.0]
]}ServerList:org.springframework.cloud.netflix.ribbon.eureka.DomainExtractingServerList@54e94de9
2019-09-29 21:51:07.502  INFO 10264 --- [main] c.netflix.config.ChainedDynamicProperty  : Flipping property: reliable-draftid-manager.ribbon.ActiveConnectionsLimit to use NEXT property: niws.loadbalancer.availabilityFilteringRule.activeConnectionsLimit = 2147483647
2019-09-29 21:51:07.504  INFO 10264 --- [main] c.n.u.concurrent.ShutdownEnabledTimer    : Shutdown hook installed for: NFLoadBalancer-PingTimer-reliable-draftid-manager
2019-09-29 21:51:07.505  INFO 10264 --- [main] c.netflix.loadbalancer.BaseLoadBalancer  : Client: reliable-draftid-manager instantiated a LoadBalancer: DynamicServerListLoadBalancer:{NFLoadBalancer:name=reliable-draftid-manager,current list of Servers=[],Load balancer stats=Zone stats: {},Server stats: []}ServerList:null
2019-09-29 21:51:07.506  INFO 10264 --- [main] c.n.l.DynamicServerListLoadBalancer      : Using serverListUpdater PollingServerListUpdater
2019-09-29 21:51:07.507  INFO 10264 --- [main] c.netflix.config.ChainedDynamicProperty  : Flipping property: reliable-draftid-manager.ribbon.ActiveConnectionsLimit to use NEXT property: niws.loadbalancer.availabilityFilteringRule.activeConnectionsLimit = 2147483647
2019-09-29 21:51:07.508  INFO 10264 --- [main] c.n.l.DynamicServerListLoadBalancer      : DynamicServerListLoadBalancer for client reliable-draftid-manager initialized: DynamicServerListLoadBalancer:{NFLoadBalancer:name=reliable-draftid-manager,current list of Servers=[47.104.82.217:8860],Load balancer stats=Zone stats: {defaultzone=[Zone:defaultzone;	Instance count:1;	Active connections count: 0;	Circuit breaker tripped count: 0;	Active connections per server: 0.0;]
},Server stats: [[Server:47.104.82.217:8860;	Zone:defaultZone;	Total Requests:0;	Successive connection failure:0;	Total blackout seconds:0;	Last connection made:Thu Jan 01 08:00:00 CST 1970;	First connection made: Thu Jan 01 08:00:00 CST 1970;	Active Connections:0;	total failure count in last (1000) msecs:0;	average resp time:0.0;	90 percentile resp time:0.0;	95 percentile resp time:0.0;	min resp time:0.0;	max resp time:0.0;	stddev resp time:0.0]
]}ServerList:org.springframework.cloud.netflix.ribbon.eureka.DomainExtractingServerList@76d1f6ea
2019-09-29 21:51:07.548  INFO 10264 --- [main] c.netflix.config.ChainedDynamicProperty  : Flipping property: reliable-order-notify-manager.ribbon.ActiveConnectionsLimit to use NEXT property: niws.loadbalancer.availabilityFilteringRule.activeConnectionsLimit = 2147483647
2019-09-29 21:51:07.550  INFO 10264 --- [main] c.n.u.concurrent.ShutdownEnabledTimer    : Shutdown hook installed for: NFLoadBalancer-PingTimer-reliable-order-notify-manager
2019-09-29 21:51:07.551  INFO 10264 --- [main] c.netflix.loadbalancer.BaseLoadBalancer  : Client: reliable-order-notify-manager instantiated a LoadBalancer: DynamicServerListLoadBalancer:{NFLoadBalancer:name=reliable-order-notify-manager,current list of Servers=[],Load balancer stats=Zone stats: {},Server stats: []}ServerList:null
2019-09-29 21:51:07.552  INFO 10264 --- [main] c.n.l.DynamicServerListLoadBalancer      : Using serverListUpdater PollingServerListUpdater
2019-09-29 21:51:07.553  INFO 10264 --- [main] c.netflix.config.ChainedDynamicProperty  : Flipping property: reliable-order-notify-manager.ribbon.ActiveConnectionsLimit to use NEXT property: niws.loadbalancer.availabilityFilteringRule.activeConnectionsLimit = 2147483647
2019-09-29 21:51:07.554  INFO 10264 --- [main] c.n.l.DynamicServerListLoadBalancer      : DynamicServerListLoadBalancer for client reliable-order-notify-manager initialized: DynamicServerListLoadBalancer:{NFLoadBalancer:name=reliable-order-notify-manager,current list of Servers=[47.104.72.15:8880],Load balancer stats=Zone stats: {defaultzone=[Zone:defaultzone;	Instance count:1;	Active connections count: 0;	Circuit breaker tripped count: 0;	Active connections per server: 0.0;]
},Server stats: [[Server:47.104.72.15:8880;	Zone:defaultZone;	Total Requests:0;	Successive connection failure:0;	Total blackout seconds:0;	Last connection made:Thu Jan 01 08:00:00 CST 1970;	First connection made: Thu Jan 01 08:00:00 CST 1970;	Active Connections:0;	total failure count in last (1000) msecs:0;	average resp time:0.0;	90 percentile resp time:0.0;	95 percentile resp time:0.0;	min resp time:0.0;	max resp time:0.0;	stddev resp time:0.0]
]}ServerList:org.springframework.cloud.netflix.ribbon.eureka.DomainExtractingServerList@3d9c8c3c
2019-09-29 21:51:07.597  INFO 10264 --- [main] c.netflix.config.ChainedDynamicProperty  : Flipping property: reliable-refund-notify-manager.ribbon.ActiveConnectionsLimit to use NEXT property: niws.loadbalancer.availabilityFilteringRule.activeConnectionsLimit = 2147483647
2019-09-29 21:51:07.600  INFO 10264 --- [main] c.n.u.concurrent.ShutdownEnabledTimer    : Shutdown hook installed for: NFLoadBalancer-PingTimer-reliable-refund-notify-manager
2019-09-29 21:51:07.601  INFO 10264 --- [main] c.netflix.loadbalancer.BaseLoadBalancer  : Client: reliable-refund-notify-manager instantiated a LoadBalancer: DynamicServerListLoadBalancer:{NFLoadBalancer:name=reliable-refund-notify-manager,current list of Servers=[],Load balancer stats=Zone stats: {},Server stats: []}ServerList:null
2019-09-29 21:51:07.602  INFO 10264 --- [main] c.n.l.DynamicServerListLoadBalancer      : Using serverListUpdater PollingServerListUpdater
2019-09-29 21:51:07.605  INFO 10264 --- [main] c.netflix.config.ChainedDynamicProperty  : Flipping property: reliable-refund-notify-manager.ribbon.ActiveConnectionsLimit to use NEXT property: niws.loadbalancer.availabilityFilteringRule.activeConnectionsLimit = 2147483647
2019-09-29 21:51:07.606  INFO 10264 --- [main] c.n.l.DynamicServerListLoadBalancer      : DynamicServerListLoadBalancer for client reliable-refund-notify-manager initialized: DynamicServerListLoadBalancer:{NFLoadBalancer:name=reliable-refund-notify-manager,current list of Servers=[47.104.72.15:8890],Load balancer stats=Zone stats: {defaultzone=[Zone:defaultzone;	Instance count:1;	Active connections count: 0;	Circuit breaker tripped count: 0;	Active connections per server: 0.0;]
},Server stats: [[Server:47.104.72.15:8890;	Zone:defaultZone;	Total Requests:0;	Successive connection failure:0;	Total blackout seconds:0;	Last connection made:Thu Jan 01 08:00:00 CST 1970;	First connection made: Thu Jan 01 08:00:00 CST 1970;	Active Connections:0;	total failure count in last (1000) msecs:0;	average resp time:0.0;	90 percentile resp time:0.0;	95 percentile resp time:0.0;	min resp time:0.0;	max resp time:0.0;	stddev resp time:0.0]
]}ServerList:org.springframework.cloud.netflix.ribbon.eureka.DomainExtractingServerList@5972e3a
2019-09-29 21:51:07.646  INFO 10264 --- [main] c.netflix.config.ChainedDynamicProperty  : Flipping property: reliable-order-request-manager.ribbon.ActiveConnectionsLimit to use NEXT property: niws.loadbalancer.availabilityFilteringRule.activeConnectionsLimit = 2147483647
2019-09-29 21:51:07.647  INFO 10264 --- [main] c.n.u.concurrent.ShutdownEnabledTimer    : Shutdown hook installed for: NFLoadBalancer-PingTimer-reliable-order-request-manager
2019-09-29 21:51:07.647  INFO 10264 --- [main] c.netflix.loadbalancer.BaseLoadBalancer  : Client: reliable-order-request-manager instantiated a LoadBalancer: DynamicServerListLoadBalancer:{NFLoadBalancer:name=reliable-order-request-manager,current list of Servers=[],Load balancer stats=Zone stats: {},Server stats: []}ServerList:null
2019-09-29 21:51:07.648  INFO 10264 --- [main] c.n.l.DynamicServerListLoadBalancer      : Using serverListUpdater PollingServerListUpdater
2019-09-29 21:51:07.650  INFO 10264 --- [main] c.netflix.config.ChainedDynamicProperty  : Flipping property: reliable-order-request-manager.ribbon.ActiveConnectionsLimit to use NEXT property: niws.loadbalancer.availabilityFilteringRule.activeConnectionsLimit = 2147483647
2019-09-29 21:51:07.650  INFO 10264 --- [main] c.n.l.DynamicServerListLoadBalancer      : DynamicServerListLoadBalancer for client reliable-order-request-manager initialized: DynamicServerListLoadBalancer:{NFLoadBalancer:name=reliable-order-request-manager,current list of Servers=[47.104.72.15:8840],Load balancer stats=Zone stats: {defaultzone=[Zone:defaultzone;	Instance count:1;	Active connections count: 0;	Circuit breaker tripped count: 0;	Active connections per server: 0.0;]
},Server stats: [[Server:47.104.72.15:8840;	Zone:defaultZone;	Total Requests:0;	Successive connection failure:0;	Total blackout seconds:0;	Last connection made:Thu Jan 01 08:00:00 CST 1970;	First connection made: Thu Jan 01 08:00:00 CST 1970;	Active Connections:0;	total failure count in last (1000) msecs:0;	average resp time:0.0;	90 percentile resp time:0.0;	95 percentile resp time:0.0;	min resp time:0.0;	max resp time:0.0;	stddev resp time:0.0]
]}ServerList:org.springframework.cloud.netflix.ribbon.eureka.DomainExtractingServerList@7d70ba18
2019-09-29 21:51:07.711  INFO 10264 --- [main] c.netflix.config.ChainedDynamicProperty  : Flipping property: reliable-order-response-manager.ribbon.ActiveConnectionsLimit to use NEXT property: niws.loadbalancer.availabilityFilteringRule.activeConnectionsLimit = 2147483647
2019-09-29 21:51:07.714  INFO 10264 --- [main] c.n.u.concurrent.ShutdownEnabledTimer    : Shutdown hook installed for: NFLoadBalancer-PingTimer-reliable-order-response-manager
2019-09-29 21:51:07.714  INFO 10264 --- [main] c.netflix.loadbalancer.BaseLoadBalancer  : Client: reliable-order-response-manager instantiated a LoadBalancer: DynamicServerListLoadBalancer:{NFLoadBalancer:name=reliable-order-response-manager,current list of Servers=[],Load balancer stats=Zone stats: {},Server stats: []}ServerList:null
2019-09-29 21:51:07.716  INFO 10264 --- [main] c.n.l.DynamicServerListLoadBalancer      : Using serverListUpdater PollingServerListUpdater
2019-09-29 21:51:07.718  INFO 10264 --- [main] c.netflix.config.ChainedDynamicProperty  : Flipping property: reliable-order-response-manager.ribbon.ActiveConnectionsLimit to use NEXT property: niws.loadbalancer.availabilityFilteringRule.activeConnectionsLimit = 2147483647
2019-09-29 21:51:07.719  INFO 10264 --- [main] c.n.l.DynamicServerListLoadBalancer      : DynamicServerListLoadBalancer for client reliable-order-response-manager initialized: DynamicServerListLoadBalancer:{NFLoadBalancer:name=reliable-order-response-manager,current list of Servers=[47.104.72.15:8850],Load balancer stats=Zone stats: {defaultzone=[Zone:defaultzone;	Instance count:1;	Active connections count: 0;	Circuit breaker tripped count: 0;	Active connections per server: 0.0;]
},Server stats: [[Server:47.104.72.15:8850;	Zone:defaultZone;	Total Requests:0;	Successive connection failure:0;	Total blackout seconds:0;	Last connection made:Thu Jan 01 08:00:00 CST 1970;	First connection made: Thu Jan 01 08:00:00 CST 1970;	Active Connections:0;	total failure count in last (1000) msecs:0;	average resp time:0.0;	90 percentile resp time:0.0;	95 percentile resp time:0.0;	min resp time:0.0;	max resp time:0.0;	stddev resp time:0.0]
]}ServerList:org.springframework.cloud.netflix.ribbon.eureka.DomainExtractingServerList@217fd3c
2019-09-29 21:51:07.773  INFO 10264 --- [main] c.netflix.config.ChainedDynamicProperty  : Flipping property: reliable-refund-response-manager.ribbon.ActiveConnectionsLimit to use NEXT property: niws.loadbalancer.availabilityFilteringRule.activeConnectionsLimit = 2147483647
2019-09-29 21:51:07.774  INFO 10264 --- [main] c.n.u.concurrent.ShutdownEnabledTimer    : Shutdown hook installed for: NFLoadBalancer-PingTimer-reliable-refund-response-manager
2019-09-29 21:51:07.774  INFO 10264 --- [main] c.netflix.loadbalancer.BaseLoadBalancer  : Client: reliable-refund-response-manager instantiated a LoadBalancer: DynamicServerListLoadBalancer:{NFLoadBalancer:name=reliable-refund-response-manager,current list of Servers=[],Load balancer stats=Zone stats: {},Server stats: []}ServerList:null
2019-09-29 21:51:07.775  INFO 10264 --- [main] c.n.l.DynamicServerListLoadBalancer      : Using serverListUpdater PollingServerListUpdater
2019-09-29 21:51:07.778  INFO 10264 --- [main] c.netflix.config.ChainedDynamicProperty  : Flipping property: reliable-refund-response-manager.ribbon.ActiveConnectionsLimit to use NEXT property: niws.loadbalancer.availabilityFilteringRule.activeConnectionsLimit = 2147483647
2019-09-29 21:51:07.779  INFO 10264 --- [main] c.n.l.DynamicServerListLoadBalancer      : DynamicServerListLoadBalancer for client reliable-refund-response-manager initialized: DynamicServerListLoadBalancer:{NFLoadBalancer:name=reliable-refund-response-manager,current list of Servers=[47.104.72.15:8870],Load balancer stats=Zone stats: {defaultzone=[Zone:defaultzone;	Instance count:1;	Active connections count: 0;	Circuit breaker tripped count: 0;	Active connections per server: 0.0;]
},Server stats: [[Server:47.104.72.15:8870;	Zone:defaultZone;	Total Requests:0;	Successive connection failure:0;	Total blackout seconds:0;	Last connection made:Thu Jan 01 08:00:00 CST 1970;	First connection made: Thu Jan 01 08:00:00 CST 1970;	Active Connections:0;	total failure count in last (1000) msecs:0;	average resp time:0.0;	90 percentile resp time:0.0;	95 percentile resp time:0.0;	min resp time:0.0;	max resp time:0.0;	stddev resp time:0.0]
]}ServerList:org.springframework.cloud.netflix.ribbon.eureka.DomainExtractingServerList@49f1184e
2019-09-29 21:51:07.835  INFO 10264 --- [main] c.netflix.config.ChainedDynamicProperty  : Flipping property: reliable-refund-request-manager.ribbon.ActiveConnectionsLimit to use NEXT property: niws.loadbalancer.availabilityFilteringRule.activeConnectionsLimit = 2147483647
2019-09-29 21:51:07.837  INFO 10264 --- [main] c.n.u.concurrent.ShutdownEnabledTimer    : Shutdown hook installed for: NFLoadBalancer-PingTimer-reliable-refund-request-manager
2019-09-29 21:51:07.837  INFO 10264 --- [main] c.netflix.loadbalancer.BaseLoadBalancer  : Client: reliable-refund-request-manager instantiated a LoadBalancer: DynamicServerListLoadBalancer:{NFLoadBalancer:name=reliable-refund-request-manager,current list of Servers=[],Load balancer stats=Zone stats: {},Server stats: []}ServerList:null
2019-09-29 21:51:07.838  INFO 10264 --- [main] c.n.l.DynamicServerListLoadBalancer      : Using serverListUpdater PollingServerListUpdater
2019-09-29 21:51:07.839  INFO 10264 --- [main] c.netflix.config.ChainedDynamicProperty  : Flipping property: reliable-refund-request-manager.ribbon.ActiveConnectionsLimit to use NEXT property: niws.loadbalancer.availabilityFilteringRule.activeConnectionsLimit = 2147483647
2019-09-29 21:51:07.840  INFO 10264 --- [main] c.n.l.DynamicServerListLoadBalancer      : DynamicServerListLoadBalancer for client reliable-refund-request-manager initialized: DynamicServerListLoadBalancer:{NFLoadBalancer:name=reliable-refund-request-manager,current list of Servers=[47.104.72.15:8860],Load balancer stats=Zone stats: {defaultzone=[Zone:defaultzone;	Instance count:1;	Active connections count: 0;	Circuit breaker tripped count: 0;	Active connections per server: 0.0;]
},Server stats: [[Server:47.104.72.15:8860;	Zone:defaultZone;	Total Requests:0;	Successive connection failure:0;	Total blackout seconds:0;	Last connection made:Thu Jan 01 08:00:00 CST 1970;	First connection made: Thu Jan 01 08:00:00 CST 1970;	Active Connections:0;	total failure count in last (1000) msecs:0;	average resp time:0.0;	90 percentile resp time:0.0;	95 percentile resp time:0.0;	min resp time:0.0;	max resp time:0.0;	stddev resp time:0.0]
]}ServerList:org.springframework.cloud.netflix.ribbon.eureka.DomainExtractingServerList@389bc2d3
2019-09-29 21:51:07.874  INFO 10264 --- [main] c.netflix.config.ChainedDynamicProperty  : Flipping property: reliable-activityinfo-manager.ribbon.ActiveConnectionsLimit to use NEXT property: niws.loadbalancer.availabilityFilteringRule.activeConnectionsLimit = 2147483647
2019-09-29 21:51:07.875  INFO 10264 --- [main] c.n.u.concurrent.ShutdownEnabledTimer    : Shutdown hook installed for: NFLoadBalancer-PingTimer-reliable-activityinfo-manager
2019-09-29 21:51:07.875  INFO 10264 --- [main] c.netflix.loadbalancer.BaseLoadBalancer  : Client: reliable-activityinfo-manager instantiated a LoadBalancer: DynamicServerListLoadBalancer:{NFLoadBalancer:name=reliable-activityinfo-manager,current list of Servers=[],Load balancer stats=Zone stats: {},Server stats: []}ServerList:null
2019-09-29 21:51:07.876  INFO 10264 --- [main] c.n.l.DynamicServerListLoadBalancer      : Using serverListUpdater PollingServerListUpdater
2019-09-29 21:51:07.877  INFO 10264 --- [main] c.netflix.config.ChainedDynamicProperty  : Flipping property: reliable-activityinfo-manager.ribbon.ActiveConnectionsLimit to use NEXT property: niws.loadbalancer.availabilityFilteringRule.activeConnectionsLimit = 2147483647
2019-09-29 21:51:07.878  INFO 10264 --- [main] c.n.l.DynamicServerListLoadBalancer      : DynamicServerListLoadBalancer for client reliable-activityinfo-manager initialized: DynamicServerListLoadBalancer:{NFLoadBalancer:name=reliable-activityinfo-manager,current list of Servers=[47.104.72.15:8830],Load balancer stats=Zone stats: {defaultzone=[Zone:defaultzone;	Instance count:1;	Active connections count: 0;	Circuit breaker tripped count: 0;	Active connections per server: 0.0;]
},Server stats: [[Server:47.104.72.15:8830;	Zone:defaultZone;	Total Requests:0;	Successive connection failure:0;	Total blackout seconds:0;	Last connection made:Thu Jan 01 08:00:00 CST 1970;	First connection made: Thu Jan 01 08:00:00 CST 1970;	Active Connections:0;	total failure count in last (1000) msecs:0;	average resp time:0.0;	90 percentile resp time:0.0;	95 percentile resp time:0.0;	min resp time:0.0;	max resp time:0.0;	stddev resp time:0.0]
]}ServerList:org.springframework.cloud.netflix.ribbon.eureka.DomainExtractingServerList@3f33bb6f
2019-09-29 21:51:07.920  INFO 10264 --- [main] c.netflix.config.ChainedDynamicProperty  : Flipping property: reliable-data-center.ribbon.ActiveConnectionsLimit to use NEXT property: niws.loadbalancer.availabilityFilteringRule.activeConnectionsLimit = 2147483647
2019-09-29 21:51:07.921  INFO 10264 --- [main] c.n.u.concurrent.ShutdownEnabledTimer    : Shutdown hook installed for: NFLoadBalancer-PingTimer-reliable-data-center
2019-09-29 21:51:07.921  INFO 10264 --- [main] c.netflix.loadbalancer.BaseLoadBalancer  : Client: reliable-data-center instantiated a LoadBalancer: DynamicServerListLoadBalancer:{NFLoadBalancer:name=reliable-data-center,current list of Servers=[],Load balancer stats=Zone stats: {},Server stats: []}ServerList:null
2019-09-29 21:51:07.922  INFO 10264 --- [main] c.n.l.DynamicServerListLoadBalancer      : Using serverListUpdater PollingServerListUpdater
2019-09-29 21:51:07.923  INFO 10264 --- [main] c.netflix.config.ChainedDynamicProperty  : Flipping property: reliable-data-center.ribbon.ActiveConnectionsLimit to use NEXT property: niws.loadbalancer.availabilityFilteringRule.activeConnectionsLimit = 2147483647
2019-09-29 21:51:07.924  INFO 10264 --- [main] c.n.l.DynamicServerListLoadBalancer      : DynamicServerListLoadBalancer for client reliable-data-center initialized: DynamicServerListLoadBalancer:{NFLoadBalancer:name=reliable-data-center,current list of Servers=[47.104.82.217:8888],Load balancer stats=Zone stats: {defaultzone=[Zone:defaultzone;	Instance count:1;	Active connections count: 0;	Circuit breaker tripped count: 0;	Active connections per server: 0.0;]
},Server stats: [[Server:47.104.82.217:8888;	Zone:defaultZone;	Total Requests:0;	Successive connection failure:0;	Total blackout seconds:0;	Last connection made:Thu Jan 01 08:00:00 CST 1970;	First connection made: Thu Jan 01 08:00:00 CST 1970;	Active Connections:0;	total failure count in last (1000) msecs:0;	average resp time:0.0;	90 percentile resp time:0.0;	95 percentile resp time:0.0;	min resp time:0.0;	max resp time:0.0;	stddev resp time:0.0]
]}ServerList:org.springframework.cloud.netflix.ribbon.eureka.DomainExtractingServerList@17034458
2019-09-29 21:51:07.960  INFO 10264 --- [main] c.netflix.config.ChainedDynamicProperty  : Flipping property: reliable-actid-manager.ribbon.ActiveConnectionsLimit to use NEXT property: niws.loadbalancer.availabilityFilteringRule.activeConnectionsLimit = 2147483647
2019-09-29 21:51:07.963  INFO 10264 --- [main] c.n.u.concurrent.ShutdownEnabledTimer    : Shutdown hook installed for: NFLoadBalancer-PingTimer-reliable-actid-manager
2019-09-29 21:51:07.963  INFO 10264 --- [main] c.netflix.loadbalancer.BaseLoadBalancer  : Client: reliable-actid-manager instantiated a LoadBalancer: DynamicServerListLoadBalancer:{NFLoadBalancer:name=reliable-actid-manager,current list of Servers=[],Load balancer stats=Zone stats: {},Server stats: []}ServerList:null
2019-09-29 21:51:07.964  INFO 10264 --- [main] c.n.l.DynamicServerListLoadBalancer      : Using serverListUpdater PollingServerListUpdater
2019-09-29 21:51:07.965  INFO 10264 --- [main] c.netflix.config.ChainedDynamicProperty  : Flipping property: reliable-actid-manager.ribbon.ActiveConnectionsLimit to use NEXT property: niws.loadbalancer.availabilityFilteringRule.activeConnectionsLimit = 2147483647
2019-09-29 21:51:07.966  INFO 10264 --- [main] c.n.l.DynamicServerListLoadBalancer      : DynamicServerListLoadBalancer for client reliable-actid-manager initialized: DynamicServerListLoadBalancer:{NFLoadBalancer:name=reliable-actid-manager,current list of Servers=[47.92.98.17:8810],Load balancer stats=Zone stats: {defaultzone=[Zone:defaultzone;	Instance count:1;	Active connections count: 0;	Circuit breaker tripped count: 0;	Active connections per server: 0.0;]
},Server stats: [[Server:47.92.98.17:8810;	Zone:defaultZone;	Total Requests:0;	Successive connection failure:0;	Total blackout seconds:0;	Last connection made:Thu Jan 01 08:00:00 CST 1970;	First connection made: Thu Jan 01 08:00:00 CST 1970;	Active Connections:0;	total failure count in last (1000) msecs:0;	average resp time:0.0;	90 percentile resp time:0.0;	95 percentile resp time:0.0;	min resp time:0.0;	max resp time:0.0;	stddev resp time:0.0]
]}ServerList:org.springframework.cloud.netflix.ribbon.eureka.DomainExtractingServerList@66a93b25
2019-09-29 21:51:08.026  INFO 10264 --- [main] c.netflix.config.ChainedDynamicProperty  : Flipping property: reliable-openid-manager.ribbon.ActiveConnectionsLimit to use NEXT property: niws.loadbalancer.availabilityFilteringRule.activeConnectionsLimit = 2147483647
2019-09-29 21:51:08.029  INFO 10264 --- [main] c.n.u.concurrent.ShutdownEnabledTimer    : Shutdown hook installed for: NFLoadBalancer-PingTimer-reliable-openid-manager
2019-09-29 21:51:08.030  INFO 10264 --- [main] c.netflix.loadbalancer.BaseLoadBalancer  : Client: reliable-openid-manager instantiated a LoadBalancer: DynamicServerListLoadBalancer:{NFLoadBalancer:name=reliable-openid-manager,current list of Servers=[],Load balancer stats=Zone stats: {},Server stats: []}ServerList:null
2019-09-29 21:51:08.031  INFO 10264 --- [main] c.n.l.DynamicServerListLoadBalancer      : Using serverListUpdater PollingServerListUpdater
2019-09-29 21:51:08.033  INFO 10264 --- [main] c.netflix.config.ChainedDynamicProperty  : Flipping property: reliable-openid-manager.ribbon.ActiveConnectionsLimit to use NEXT property: niws.loadbalancer.availabilityFilteringRule.activeConnectionsLimit = 2147483647
2019-09-29 21:51:08.033  INFO 10264 --- [main] c.n.l.DynamicServerListLoadBalancer      : DynamicServerListLoadBalancer for client reliable-openid-manager initialized: DynamicServerListLoadBalancer:{NFLoadBalancer:name=reliable-openid-manager,current list of Servers=[47.92.98.17:8820],Load balancer stats=Zone stats: {defaultzone=[Zone:defaultzone;	Instance count:1;	Active connections count: 0;	Circuit breaker tripped count: 0;	Active connections per server: 0.0;]
},Server stats: [[Server:47.92.98.17:8820;	Zone:defaultZone;	Total Requests:0;	Successive connection failure:0;	Total blackout seconds:0;	Last connection made:Thu Jan 01 08:00:00 CST 1970;	First connection made: Thu Jan 01 08:00:00 CST 1970;	Active Connections:0;	total failure count in last (1000) msecs:0;	average resp time:0.0;	90 percentile resp time:0.0;	95 percentile resp time:0.0;	min resp time:0.0;	max resp time:0.0;	stddev resp time:0.0]
]}ServerList:org.springframework.cloud.netflix.ribbon.eureka.DomainExtractingServerList@f98cff
2019-09-29 21:51:08.036  INFO 10264 --- [PollingServerListUpdater-0] c.netflix.config.ChainedDynamicProperty  : Flipping property: reliable-draft-manager.ribbon.ActiveConnectionsLimit to use NEXT property: niws.loadbalancer.availabilityFilteringRule.activeConnectionsLimit = 2147483647
2019-09-29 21:51:08.093  INFO 10264 --- [main] c.netflix.config.ChainedDynamicProperty  : Flipping property: reliable-activity-info-manager.ribbon.ActiveConnectionsLimit to use NEXT property: niws.loadbalancer.availabilityFilteringRule.activeConnectionsLimit = 2147483647
2019-09-29 21:51:08.095  INFO 10264 --- [main] c.n.u.concurrent.ShutdownEnabledTimer    : Shutdown hook installed for: NFLoadBalancer-PingTimer-reliable-activity-info-manager
2019-09-29 21:51:08.095  INFO 10264 --- [main] c.netflix.loadbalancer.BaseLoadBalancer  : Client: reliable-activity-info-manager instantiated a LoadBalancer: DynamicServerListLoadBalancer:{NFLoadBalancer:name=reliable-activity-info-manager,current list of Servers=[],Load balancer stats=Zone stats: {},Server stats: []}ServerList:null
2019-09-29 21:51:08.096  INFO 10264 --- [main] c.n.l.DynamicServerListLoadBalancer      : Using serverListUpdater PollingServerListUpdater
2019-09-29 21:51:08.098  INFO 10264 --- [main] c.netflix.config.ChainedDynamicProperty  : Flipping property: reliable-activity-info-manager.ribbon.ActiveConnectionsLimit to use NEXT property: niws.loadbalancer.availabilityFilteringRule.activeConnectionsLimit = 2147483647
2019-09-29 21:51:08.099  INFO 10264 --- [main] c.n.l.DynamicServerListLoadBalancer      : DynamicServerListLoadBalancer for client reliable-activity-info-manager initialized: DynamicServerListLoadBalancer:{NFLoadBalancer:name=reliable-activity-info-manager,current list of Servers=[47.92.98.17:8850],Load balancer stats=Zone stats: {defaultzone=[Zone:defaultzone;	Instance count:1;	Active connections count: 0;	Circuit breaker tripped count: 0;	Active connections per server: 0.0;]
},Server stats: [[Server:47.92.98.17:8850;	Zone:defaultZone;	Total Requests:0;	Successive connection failure:0;	Total blackout seconds:0;	Last connection made:Thu Jan 01 08:00:00 CST 1970;	First connection made: Thu Jan 01 08:00:00 CST 1970;	Active Connections:0;	total failure count in last (1000) msecs:0;	average resp time:0.0;	90 percentile resp time:0.0;	95 percentile resp time:0.0;	min resp time:0.0;	max resp time:0.0;	stddev resp time:0.0]
]}ServerList:org.springframework.cloud.netflix.ribbon.eureka.DomainExtractingServerList@5da1a97f
2019-09-29 21:51:08.165  INFO 10264 --- [main] c.netflix.config.ChainedDynamicProperty  : Flipping property: reliable-wechat-pay.ribbon.ActiveConnectionsLimit to use NEXT property: niws.loadbalancer.availabilityFilteringRule.activeConnectionsLimit = 2147483647
2019-09-29 21:51:08.167  INFO 10264 --- [main] c.n.u.concurrent.ShutdownEnabledTimer    : Shutdown hook installed for: NFLoadBalancer-PingTimer-reliable-wechat-pay
2019-09-29 21:51:08.167  INFO 10264 --- [main] c.netflix.loadbalancer.BaseLoadBalancer  : Client: reliable-wechat-pay instantiated a LoadBalancer: DynamicServerListLoadBalancer:{NFLoadBalancer:name=reliable-wechat-pay,current list of Servers=[],Load balancer stats=Zone stats: {},Server stats: []}ServerList:null
2019-09-29 21:51:08.168  INFO 10264 --- [main] c.n.l.DynamicServerListLoadBalancer      : Using serverListUpdater PollingServerListUpdater
2019-09-29 21:51:08.170  INFO 10264 --- [main] c.netflix.config.ChainedDynamicProperty  : Flipping property: reliable-wechat-pay.ribbon.ActiveConnectionsLimit to use NEXT property: niws.loadbalancer.availabilityFilteringRule.activeConnectionsLimit = 2147483647
2019-09-29 21:51:08.171  INFO 10264 --- [main] c.n.l.DynamicServerListLoadBalancer      : DynamicServerListLoadBalancer for client reliable-wechat-pay initialized: DynamicServerListLoadBalancer:{NFLoadBalancer:name=reliable-wechat-pay,current list of Servers=[47.92.98.17:8210],Load balancer stats=Zone stats: {defaultzone=[Zone:defaultzone;	Instance count:1;	Active connections count: 0;	Circuit breaker tripped count: 0;	Active connections per server: 0.0;]
},Server stats: [[Server:47.92.98.17:8210;	Zone:defaultZone;	Total Requests:0;	Successive connection failure:0;	Total blackout seconds:0;	Last connection made:Thu Jan 01 08:00:00 CST 1970;	First connection made: Thu Jan 01 08:00:00 CST 1970;	Active Connections:0;	total failure count in last (1000) msecs:0;	average resp time:0.0;	90 percentile resp time:0.0;	95 percentile resp time:0.0;	min resp time:0.0;	max resp time:0.0;	stddev resp time:0.0]
]}ServerList:org.springframework.cloud.netflix.ribbon.eureka.DomainExtractingServerList@1fa29b9e
2019-09-29 21:51:08.212  INFO 10264 --- [main] c.netflix.config.ChainedDynamicProperty  : Flipping property: reliable-wechat-pay-id-manager.ribbon.ActiveConnectionsLimit to use NEXT property: niws.loadbalancer.availabilityFilteringRule.activeConnectionsLimit = 2147483647
2019-09-29 21:51:08.214  INFO 10264 --- [main] c.n.u.concurrent.ShutdownEnabledTimer    : Shutdown hook installed for: NFLoadBalancer-PingTimer-reliable-wechat-pay-id-manager
2019-09-29 21:51:08.214  INFO 10264 --- [main] c.netflix.loadbalancer.BaseLoadBalancer  : Client: reliable-wechat-pay-id-manager instantiated a LoadBalancer: DynamicServerListLoadBalancer:{NFLoadBalancer:name=reliable-wechat-pay-id-manager,current list of Servers=[],Load balancer stats=Zone stats: {},Server stats: []}ServerList:null
2019-09-29 21:51:08.216  INFO 10264 --- [main] c.n.l.DynamicServerListLoadBalancer      : Using serverListUpdater PollingServerListUpdater
2019-09-29 21:51:08.219  INFO 10264 --- [main] c.netflix.config.ChainedDynamicProperty  : Flipping property: reliable-wechat-pay-id-manager.ribbon.ActiveConnectionsLimit to use NEXT property: niws.loadbalancer.availabilityFilteringRule.activeConnectionsLimit = 2147483647
2019-09-29 21:51:08.220  INFO 10264 --- [main] c.n.l.DynamicServerListLoadBalancer      : DynamicServerListLoadBalancer for client reliable-wechat-pay-id-manager initialized: DynamicServerListLoadBalancer:{NFLoadBalancer:name=reliable-wechat-pay-id-manager,current list of Servers=[47.92.98.17:8230],Load balancer stats=Zone stats: {defaultzone=[Zone:defaultzone;	Instance count:1;	Active connections count: 0;	Circuit breaker tripped count: 0;	Active connections per server: 0.0;]
},Server stats: [[Server:47.92.98.17:8230;	Zone:defaultZone;	Total Requests:0;	Successive connection failure:0;	Total blackout seconds:0;	Last connection made:Thu Jan 01 08:00:00 CST 1970;	First connection made: Thu Jan 01 08:00:00 CST 1970;	Active Connections:0;	total failure count in last (1000) msecs:0;	average resp time:0.0;	90 percentile resp time:0.0;	95 percentile resp time:0.0;	min resp time:0.0;	max resp time:0.0;	stddev resp time:0.0]
]}ServerList:org.springframework.cloud.netflix.ribbon.eureka.DomainExtractingServerList@3aa63b53
2019-09-29 21:51:08.270  INFO 10264 --- [main] c.netflix.config.ChainedDynamicProperty  : Flipping property: reliable-wechat-jsapi-manager.ribbon.ActiveConnectionsLimit to use NEXT property: niws.loadbalancer.availabilityFilteringRule.activeConnectionsLimit = 2147483647
2019-09-29 21:51:08.272  INFO 10264 --- [main] c.n.u.concurrent.ShutdownEnabledTimer    : Shutdown hook installed for: NFLoadBalancer-PingTimer-reliable-wechat-jsapi-manager
2019-09-29 21:51:08.272  INFO 10264 --- [main] c.netflix.loadbalancer.BaseLoadBalancer  : Client: reliable-wechat-jsapi-manager instantiated a LoadBalancer: DynamicServerListLoadBalancer:{NFLoadBalancer:name=reliable-wechat-jsapi-manager,current list of Servers=[],Load balancer stats=Zone stats: {},Server stats: []}ServerList:null
2019-09-29 21:51:08.273  INFO 10264 --- [main] c.n.l.DynamicServerListLoadBalancer      : Using serverListUpdater PollingServerListUpdater
2019-09-29 21:51:08.275  INFO 10264 --- [main] c.netflix.config.ChainedDynamicProperty  : Flipping property: reliable-wechat-jsapi-manager.ribbon.ActiveConnectionsLimit to use NEXT property: niws.loadbalancer.availabilityFilteringRule.activeConnectionsLimit = 2147483647
2019-09-29 21:51:08.276  INFO 10264 --- [main] c.n.l.DynamicServerListLoadBalancer      : DynamicServerListLoadBalancer for client reliable-wechat-jsapi-manager initialized: DynamicServerListLoadBalancer:{NFLoadBalancer:name=reliable-wechat-jsapi-manager,current list of Servers=[47.92.98.17:8240],Load balancer stats=Zone stats: {defaultzone=[Zone:defaultzone;	Instance count:1;	Active connections count: 0;	Circuit breaker tripped count: 0;	Active connections per server: 0.0;]
},Server stats: [[Server:47.92.98.17:8240;	Zone:defaultZone;	Total Requests:0;	Successive connection failure:0;	Total blackout seconds:0;	Last connection made:Thu Jan 01 08:00:00 CST 1970;	First connection made: Thu Jan 01 08:00:00 CST 1970;	Active Connections:0;	total failure count in last (1000) msecs:0;	average resp time:0.0;	90 percentile resp time:0.0;	95 percentile resp time:0.0;	min resp time:0.0;	max resp time:0.0;	stddev resp time:0.0]
]}ServerList:org.springframework.cloud.netflix.ribbon.eureka.DomainExtractingServerList@57ac2910
2019-09-29 21:51:08.508  INFO 10264 --- [PollingServerListUpdater-1] c.netflix.config.ChainedDynamicProperty  : Flipping property: reliable-draftid-manager.ribbon.ActiveConnectionsLimit to use NEXT property: niws.loadbalancer.availabilityFilteringRule.activeConnectionsLimit = 2147483647
2019-09-29 21:51:08.542  INFO 10264 --- [main] o.s.a.r.c.CachingConnectionFactory       : Attempting to connect to: [39.98.38.238:8310]
2019-09-29 21:51:08.554  INFO 10264 --- [PollingServerListUpdater-0] c.netflix.config.ChainedDynamicProperty  : Flipping property: reliable-order-notify-manager.ribbon.ActiveConnectionsLimit to use NEXT property: niws.loadbalancer.availabilityFilteringRule.activeConnectionsLimit = 2147483647
2019-09-29 21:51:08.604  INFO 10264 --- [PollingServerListUpdater-1] c.netflix.config.ChainedDynamicProperty  : Flipping property: reliable-refund-notify-manager.ribbon.ActiveConnectionsLimit to use NEXT property: niws.loadbalancer.availabilityFilteringRule.activeConnectionsLimit = 2147483647
2019-09-29 21:51:08.649  INFO 10264 --- [PollingServerListUpdater-0] c.netflix.config.ChainedDynamicProperty  : Flipping property: reliable-order-request-manager.ribbon.ActiveConnectionsLimit to use NEXT property: niws.loadbalancer.availabilityFilteringRule.activeConnectionsLimit = 2147483647
2019-09-29 21:51:08.719  INFO 10264 --- [PollingServerListUpdater-1] c.netflix.config.ChainedDynamicProperty  : Flipping property: reliable-order-response-manager.ribbon.ActiveConnectionsLimit to use NEXT property: niws.loadbalancer.availabilityFilteringRule.activeConnectionsLimit = 2147483647
2019-09-29 21:51:08.776  INFO 10264 --- [PollingServerListUpdater-0] c.netflix.config.ChainedDynamicProperty  : Flipping property: reliable-refund-response-manager.ribbon.ActiveConnectionsLimit to use NEXT property: niws.loadbalancer.availabilityFilteringRule.activeConnectionsLimit = 2147483647
2019-09-29 21:51:08.839  INFO 10264 --- [PollingServerListUpdater-1] c.netflix.config.ChainedDynamicProperty  : Flipping property: reliable-refund-request-manager.ribbon.ActiveConnectionsLimit to use NEXT property: niws.loadbalancer.availabilityFilteringRule.activeConnectionsLimit = 2147483647
2019-09-29 21:51:08.878  INFO 10264 --- [PollingServerListUpdater-0] c.netflix.config.ChainedDynamicProperty  : Flipping property: reliable-activityinfo-manager.ribbon.ActiveConnectionsLimit to use NEXT property: niws.loadbalancer.availabilityFilteringRule.activeConnectionsLimit = 2147483647
2019-09-29 21:51:08.920  INFO 10264 --- [main] o.s.a.r.c.CachingConnectionFactory       : Created new connection: rabbitConnectionFactory#36463b09:0/SimpleConnection@2fe38b73 [delegate=amqp://guest@39.98.38.238:8310/, localPort= 56255]
2019-09-29 21:51:08.924  INFO 10264 --- [PollingServerListUpdater-1] c.netflix.config.ChainedDynamicProperty  : Flipping property: reliable-data-center.ribbon.ActiveConnectionsLimit to use NEXT property: niws.loadbalancer.availabilityFilteringRule.activeConnectionsLimit = 2147483647
2019-09-29 21:51:08.966  INFO 10264 --- [PollingServerListUpdater-0] c.netflix.config.ChainedDynamicProperty  : Flipping property: reliable-actid-manager.ribbon.ActiveConnectionsLimit to use NEXT property: niws.loadbalancer.availabilityFilteringRule.activeConnectionsLimit = 2147483647
2019-09-29 21:51:09.033  INFO 10264 --- [PollingServerListUpdater-1] c.netflix.config.ChainedDynamicProperty  : Flipping property: reliable-openid-manager.ribbon.ActiveConnectionsLimit to use NEXT property: niws.loadbalancer.availabilityFilteringRule.activeConnectionsLimit = 2147483647
2019-09-29 21:51:09.098  INFO 10264 --- [PollingServerListUpdater-0] c.netflix.config.ChainedDynamicProperty  : Flipping property: reliable-activity-info-manager.ribbon.ActiveConnectionsLimit to use NEXT property: niws.loadbalancer.availabilityFilteringRule.activeConnectionsLimit = 2147483647
2019-09-29 21:51:09.128  INFO 10264 --- [main] o.s.c.s.m.DirectWithAttributesChannel    : Channel 'reliable-business-manager-1.springCloudBusOutput' has 1 subscriber(s).
2019-09-29 21:51:09.133  INFO 10264 --- [main] o.s.c.n.e.s.EurekaServiceRegistry        : Registering application RELIABLE-BUSINESS-MANAGER with eureka with status UP
2019-09-29 21:51:09.134  INFO 10264 --- [main] com.netflix.discovery.DiscoveryClient    : Saw local status change event StatusChangeEvent [timestamp=1569765069134, current=UP, previous=STARTING]
2019-09-29 21:51:09.161  INFO 10264 --- [DiscoveryClient-InstanceInfoReplicator-0] com.netflix.discovery.DiscoveryClient    : DiscoveryClient_RELIABLE-BUSINESS-MANAGER/localhost:reliable-business-manager:8888: registering service...
2019-09-29 21:51:09.173  INFO 10264 --- [PollingServerListUpdater-1] c.netflix.config.ChainedDynamicProperty  : Flipping property: reliable-wechat-pay.ribbon.ActiveConnectionsLimit to use NEXT property: niws.loadbalancer.availabilityFilteringRule.activeConnectionsLimit = 2147483647
2019-09-29 21:51:09.218  INFO 10264 --- [PollingServerListUpdater-0] c.netflix.config.ChainedDynamicProperty  : Flipping property: reliable-wechat-pay-id-manager.ribbon.ActiveConnectionsLimit to use NEXT property: niws.loadbalancer.availabilityFilteringRule.activeConnectionsLimit = 2147483647
2019-09-29 21:51:09.267  INFO 10264 --- [main] c.s.b.r.p.RabbitExchangeQueueProvisioner : declaring queue for inbound: springCloudBus.anonymous.zM1p--zwR0SC2buJC2S9eg, bound to: springCloudBus
2019-09-29 21:51:09.274  INFO 10264 --- [PollingServerListUpdater-1] c.netflix.config.ChainedDynamicProperty  : Flipping property: reliable-wechat-jsapi-manager.ribbon.ActiveConnectionsLimit to use NEXT property: niws.loadbalancer.availabilityFilteringRule.activeConnectionsLimit = 2147483647
2019-09-29 21:51:09.427  INFO 10264 --- [DiscoveryClient-InstanceInfoReplicator-0] com.netflix.discovery.DiscoveryClient    : DiscoveryClient_RELIABLE-BUSINESS-MANAGER/localhost:reliable-business-manager:8888 - registration status: 204
2019-09-29 21:51:09.693  INFO 10264 --- [main] o.s.i.monitor.IntegrationMBeanExporter   : Registering MessageChannel springCloudBus.anonymous.zM1p--zwR0SC2buJC2S9eg.errors
2019-09-29 21:51:09.824  INFO 10264 --- [main] o.s.c.stream.binder.BinderErrorChannel   : Channel 'reliable-business-manager-1.springCloudBus.anonymous.zM1p--zwR0SC2buJC2S9eg.errors' has 1 subscriber(s).
2019-09-29 21:51:09.825  INFO 10264 --- [main] o.s.c.stream.binder.BinderErrorChannel   : Channel 'reliable-business-manager-1.springCloudBus.anonymous.zM1p--zwR0SC2buJC2S9eg.errors' has 2 subscriber(s).
2019-09-29 21:51:10.078  INFO 10264 --- [main] o.s.i.a.i.AmqpInboundChannelAdapter      : started inbound.springCloudBus.anonymous.zM1p--zwR0SC2buJC2S9eg
2019-09-29 21:51:13.400  INFO 10264 --- [main] o.s.b.web.embedded.netty.NettyWebServer  : Netty started on port(s): 8888
2019-09-29 21:51:13.401  INFO 10264 --- [main] .s.c.n.e.s.EurekaAutoServiceRegistration : Updating port to 8888
2019-09-29 21:51:13.402  INFO 10264 --- [main] .s.c.n.e.s.EurekaAutoServiceRegistration : Updating port to 8888
2019-09-29 21:51:13.421  INFO 10264 --- [main] o.x.r.ReliableBusinessManagerApplication : Started ReliableBusinessManagerApplication in 38.559 seconds (JVM running for 40.191)
2019-09-29 21:52:25.996 DEBUG 10264 --- [reactor-http-nio-3] o.s.w.s.adapter.HttpWebHandlerAdapter    : [e30fbf3f] HTTP POST "/test"
2019-09-29 21:52:26.202 DEBUG 10264 --- [reactor-http-nio-3] s.w.r.r.m.a.RequestMappingHandlerMapping : [e30fbf3f] Mapped to public void org.xarch.reliable.controller.BusinessController.sendData(java.lang.String)
2019-09-29 21:52:26.330 DEBUG 10264 --- [reactor-http-nio-3] o.s.w.s.adapter.HttpWebHandlerAdapter    : [e30fbf3f] Completed 200 OK
2019-09-29 21:53:08.223 DEBUG 10264 --- [reactor-http-nio-3] o.s.w.s.adapter.HttpWebHandlerAdapter    : [e30fbf3f] HTTP POST "/test"
2019-09-29 21:53:08.224 DEBUG 10264 --- [reactor-http-nio-3] s.w.r.r.m.a.RequestMappingHandlerMapping : [e30fbf3f] Mapped to public void org.xarch.reliable.controller.BusinessController.sendData(java.lang.String)
2019-09-29 21:53:08.226 DEBUG 10264 --- [reactor-http-nio-3] o.s.w.s.adapter.HttpWebHandlerAdapter    : [e30fbf3f] Completed 200 OK
2019-09-29 21:53:12.219 DEBUG 10264 --- [reactor-http-nio-3] o.s.w.s.adapter.HttpWebHandlerAdapter    : [e30fbf3f] HTTP POST "/test"
2019-09-29 21:53:12.221 DEBUG 10264 --- [reactor-http-nio-3] s.w.r.r.m.a.RequestMappingHandlerMapping : [e30fbf3f] Mapped to public void org.xarch.reliable.controller.BusinessController.sendData(java.lang.String)
2019-09-29 21:53:12.223 DEBUG 10264 --- [reactor-http-nio-3] o.s.w.s.adapter.HttpWebHandlerAdapter    : [e30fbf3f] Completed 200 OK
2019-09-29 21:53:12.736 DEBUG 10264 --- [reactor-http-nio-3] o.s.w.s.adapter.HttpWebHandlerAdapter    : [e30fbf3f] HTTP POST "/test"
2019-09-29 21:53:12.737 DEBUG 10264 --- [reactor-http-nio-3] s.w.r.r.m.a.RequestMappingHandlerMapping : [e30fbf3f] Mapped to public void org.xarch.reliable.controller.BusinessController.sendData(java.lang.String)
2019-09-29 21:53:12.739 DEBUG 10264 --- [reactor-http-nio-3] o.s.w.s.adapter.HttpWebHandlerAdapter    : [e30fbf3f] Completed 200 OK
2019-09-29 21:53:13.199 DEBUG 10264 --- [reactor-http-nio-3] o.s.w.s.adapter.HttpWebHandlerAdapter    : [e30fbf3f] HTTP POST "/test"
2019-09-29 21:53:13.200 DEBUG 10264 --- [reactor-http-nio-3] s.w.r.r.m.a.RequestMappingHandlerMapping : [e30fbf3f] Mapped to public void org.xarch.reliable.controller.BusinessController.sendData(java.lang.String)
2019-09-29 21:53:13.201 DEBUG 10264 --- [reactor-http-nio-3] o.s.w.s.adapter.HttpWebHandlerAdapter    : [e30fbf3f] Completed 200 OK
2019-09-29 21:53:14.158 DEBUG 10264 --- [reactor-http-nio-3] o.s.w.s.adapter.HttpWebHandlerAdapter    : [e30fbf3f] HTTP POST "/test"
2019-09-29 21:53:14.159 DEBUG 10264 --- [reactor-http-nio-3] s.w.r.r.m.a.RequestMappingHandlerMapping : [e30fbf3f] Mapped to public void org.xarch.reliable.controller.BusinessController.sendData(java.lang.String)
2019-09-29 21:53:14.161 DEBUG 10264 --- [reactor-http-nio-3] o.s.w.s.adapter.HttpWebHandlerAdapter    : [e30fbf3f] Completed 200 OK
2019-09-29 21:53:15.009 DEBUG 10264 --- [reactor-http-nio-3] o.s.w.s.adapter.HttpWebHandlerAdapter    : [e30fbf3f] HTTP POST "/test"
2019-09-29 21:53:15.011 DEBUG 10264 --- [reactor-http-nio-3] s.w.r.r.m.a.RequestMappingHandlerMapping : [e30fbf3f] Mapped to public void org.xarch.reliable.controller.BusinessController.sendData(java.lang.String)
2019-09-29 21:53:15.013 DEBUG 10264 --- [reactor-http-nio-3] o.s.w.s.adapter.HttpWebHandlerAdapter    : [e30fbf3f] Completed 200 OK
2019-09-29 21:53:15.776 DEBUG 10264 --- [reactor-http-nio-3] o.s.w.s.adapter.HttpWebHandlerAdapter    : [e30fbf3f] HTTP POST "/test"
2019-09-29 21:53:15.778 DEBUG 10264 --- [reactor-http-nio-3] s.w.r.r.m.a.RequestMappingHandlerMapping : [e30fbf3f] Mapped to public void org.xarch.reliable.controller.BusinessController.sendData(java.lang.String)
2019-09-29 21:53:15.780 DEBUG 10264 --- [reactor-http-nio-3] o.s.w.s.adapter.HttpWebHandlerAdapter    : [e30fbf3f] Completed 200 OK
2019-09-29 21:53:18.967 DEBUG 10264 --- [reactor-http-nio-3] o.s.w.s.adapter.HttpWebHandlerAdapter    : [e30fbf3f] HTTP POST "/test"
2019-09-29 21:53:18.969 DEBUG 10264 --- [reactor-http-nio-3] s.w.r.r.m.a.RequestMappingHandlerMapping : [e30fbf3f] Mapped to public void org.xarch.reliable.controller.BusinessController.sendData(java.lang.String)
2019-09-29 21:53:18.970 DEBUG 10264 --- [reactor-http-nio-3] o.s.w.s.adapter.HttpWebHandlerAdapter    : [e30fbf3f] Completed 200 OK
2019-09-29 21:53:23.358 DEBUG 10264 --- [reactor-http-nio-3] o.s.w.s.adapter.HttpWebHandlerAdapter    : [e30fbf3f] HTTP POST "/test"
2019-09-29 21:53:23.360 DEBUG 10264 --- [reactor-http-nio-3] s.w.r.r.m.a.RequestMappingHandlerMapping : [e30fbf3f] Mapped to public void org.xarch.reliable.controller.BusinessController.sendData(java.lang.String)
2019-09-29 21:53:23.361 DEBUG 10264 --- [reactor-http-nio-3] o.s.w.s.adapter.HttpWebHandlerAdapter    : [e30fbf3f] Completed 200 OK
2019-09-29 21:56:07.193  INFO 10264 --- [AsyncResolver-bootstrap-executor-0] c.n.d.s.r.aws.ConfigClusterResolver      : Resolving eureka endpoints via configuration
2019-09-29 21:56:15.900  INFO 10264 --- [RMI TCP Connection(22)-127.0.0.1] inMXBeanRegistrar$SpringApplicationAdmin : Application shutdown requested.
2019-09-29 21:56:15.900  INFO 10264 --- [RMI TCP Connection(22)-127.0.0.1] o.s.c.n.e.s.EurekaServiceRegistry        : Unregistering application RELIABLE-BUSINESS-MANAGER with eureka with status DOWN
2019-09-29 21:56:15.901  WARN 10264 --- [RMI TCP Connection(22)-127.0.0.1] com.netflix.discovery.DiscoveryClient    : Saw local status change event StatusChangeEvent [timestamp=1569765375901, current=DOWN, previous=UP]
2019-09-29 21:56:15.901  INFO 10264 --- [DiscoveryClient-InstanceInfoReplicator-0] com.netflix.discovery.DiscoveryClient    : DiscoveryClient_RELIABLE-BUSINESS-MANAGER/localhost:reliable-business-manager:8888: registering service...
2019-09-29 21:56:15.987  INFO 10264 --- [DiscoveryClient-InstanceInfoReplicator-0] com.netflix.discovery.DiscoveryClient    : DiscoveryClient_RELIABLE-BUSINESS-MANAGER/localhost:reliable-business-manager:8888 - registration status: 204
2019-09-29 21:56:15.994  INFO 10264 --- [RMI TCP Connection(22)-127.0.0.1] o.s.a.r.l.SimpleMessageListenerContainer : Waiting for workers to finish.
2019-09-29 21:56:16.276  INFO 10264 --- [RMI TCP Connection(22)-127.0.0.1] o.s.a.r.l.SimpleMessageListenerContainer : Successfully waited for workers to finish.
2019-09-29 21:56:16.276  INFO 10264 --- [RMI TCP Connection(22)-127.0.0.1] o.s.i.a.i.AmqpInboundChannelAdapter      : stopped inbound.springCloudBus.anonymous.zM1p--zwR0SC2buJC2S9eg
2019-09-29 21:56:16.278  INFO 10264 --- [RMI TCP Connection(22)-127.0.0.1] o.s.c.stream.binder.BinderErrorChannel   : Channel 'reliable-business-manager-1.springCloudBus.anonymous.zM1p--zwR0SC2buJC2S9eg.errors' has 1 subscriber(s).
2019-09-29 21:56:16.279  INFO 10264 --- [RMI TCP Connection(22)-127.0.0.1] o.s.c.stream.binder.BinderErrorChannel   : Channel 'reliable-business-manager-1.springCloudBus.anonymous.zM1p--zwR0SC2buJC2S9eg.errors' has 0 subscriber(s).
2019-09-29 21:56:16.283  INFO 10264 --- [RMI TCP Connection(22)-127.0.0.1] o.s.i.endpoint.EventDrivenConsumer       : Removing {logging-channel-adapter:_org.springframework.integration.errorLogger} as a subscriber to the 'errorChannel' channel
2019-09-29 21:56:16.284  INFO 10264 --- [RMI TCP Connection(22)-127.0.0.1] o.s.i.channel.PublishSubscribeChannel    : Channel 'reliable-business-manager-1.errorChannel' has 0 subscriber(s).
2019-09-29 21:56:16.284  INFO 10264 --- [RMI TCP Connection(22)-127.0.0.1] o.s.i.endpoint.EventDrivenConsumer       : stopped _org.springframework.integration.errorLogger
2019-09-29 21:56:16.289  INFO 10264 --- [RMI TCP Connection(22)-127.0.0.1] o.s.s.concurrent.ThreadPoolTaskExecutor  : Shutting down ExecutorService 'asyncExecutor'
2019-09-29 21:56:16.452  INFO 10264 --- [RMI TCP Connection(22)-127.0.0.1] c.n.u.concurrent.ShutdownEnabledTimer    : Shutdown hook removed for: NFLoadBalancer-PingTimer-reliable-wechat-pay
2019-09-29 21:56:16.457  INFO 10264 --- [RMI TCP Connection(22)-127.0.0.1] c.n.u.concurrent.ShutdownEnabledTimer    : Shutdown hook removed for: NFLoadBalancer-PingTimer-reliable-wechat-jsapi-manager
2019-09-29 21:56:16.460  INFO 10264 --- [RMI TCP Connection(22)-127.0.0.1] c.n.u.concurrent.ShutdownEnabledTimer    : Shutdown hook removed for: NFLoadBalancer-PingTimer-reliable-order-notify-manager
2019-09-29 21:56:16.464  INFO 10264 --- [RMI TCP Connection(22)-127.0.0.1] c.n.u.concurrent.ShutdownEnabledTimer    : Shutdown hook removed for: NFLoadBalancer-PingTimer-reliable-order-request-manager
2019-09-29 21:56:16.466  INFO 10264 --- [RMI TCP Connection(22)-127.0.0.1] c.n.u.concurrent.ShutdownEnabledTimer    : Shutdown hook removed for: NFLoadBalancer-PingTimer-reliable-refund-request-manager
2019-09-29 21:56:16.469  INFO 10264 --- [RMI TCP Connection(22)-127.0.0.1] c.n.u.concurrent.ShutdownEnabledTimer    : Shutdown hook removed for: NFLoadBalancer-PingTimer-reliable-refund-notify-manager
2019-09-29 21:56:16.471  INFO 10264 --- [RMI TCP Connection(22)-127.0.0.1] c.n.u.concurrent.ShutdownEnabledTimer    : Shutdown hook removed for: NFLoadBalancer-PingTimer-reliable-openid-manager
2019-09-29 21:56:16.475  INFO 10264 --- [RMI TCP Connection(22)-127.0.0.1] c.n.u.concurrent.ShutdownEnabledTimer    : Shutdown hook removed for: NFLoadBalancer-PingTimer-reliable-activityinfo-manager
2019-09-29 21:56:16.477  INFO 10264 --- [RMI TCP Connection(22)-127.0.0.1] c.n.u.concurrent.ShutdownEnabledTimer    : Shutdown hook removed for: NFLoadBalancer-PingTimer-reliable-actid-manager
2019-09-29 21:56:16.479  INFO 10264 --- [RMI TCP Connection(22)-127.0.0.1] c.n.u.concurrent.ShutdownEnabledTimer    : Shutdown hook removed for: NFLoadBalancer-PingTimer-reliable-refund-response-manager
2019-09-29 21:56:16.482  INFO 10264 --- [RMI TCP Connection(22)-127.0.0.1] c.n.u.concurrent.ShutdownEnabledTimer    : Shutdown hook removed for: NFLoadBalancer-PingTimer-reliable-draftid-manager
2019-09-29 21:56:16.484  INFO 10264 --- [RMI TCP Connection(22)-127.0.0.1] c.n.u.concurrent.ShutdownEnabledTimer    : Shutdown hook removed for: NFLoadBalancer-PingTimer-reliable-order-response-manager
2019-09-29 21:56:16.486  INFO 10264 --- [RMI TCP Connection(22)-127.0.0.1] c.n.u.concurrent.ShutdownEnabledTimer    : Shutdown hook removed for: NFLoadBalancer-PingTimer-reliable-draft-manager
2019-09-29 21:56:16.487  INFO 10264 --- [RMI TCP Connection(22)-127.0.0.1] c.n.u.concurrent.ShutdownEnabledTimer    : Shutdown hook removed for: NFLoadBalancer-PingTimer-reliable-wechat-pay-id-manager
2019-09-29 21:56:16.489  INFO 10264 --- [RMI TCP Connection(22)-127.0.0.1] c.n.u.concurrent.ShutdownEnabledTimer    : Shutdown hook removed for: NFLoadBalancer-PingTimer-reliable-data-center
2019-09-29 21:56:16.490  INFO 10264 --- [RMI TCP Connection(22)-127.0.0.1] c.n.u.concurrent.ShutdownEnabledTimer    : Shutdown hook removed for: NFLoadBalancer-PingTimer-reliable-activity-info-manager
2019-09-29 21:56:16.493  INFO 10264 --- [RMI TCP Connection(22)-127.0.0.1] o.s.s.c.ThreadPoolTaskScheduler          : Shutting down ExecutorService 'taskScheduler'
2019-09-29 21:56:16.526  INFO 10264 --- [Thread-11] c.n.l.PollingServerListUpdater           : Shutting down the Executor Pool for PollingServerListUpdater
2019-09-29 21:56:16.538  INFO 10264 --- [RMI TCP Connection(22)-127.0.0.1] o.s.i.monitor.IntegrationMBeanExporter   : Summary on shutdown: springCloudBusInput
2019-09-29 21:56:16.538  INFO 10264 --- [RMI TCP Connection(22)-127.0.0.1] o.s.i.monitor.IntegrationMBeanExporter   : Summary on shutdown: errorChannel
2019-09-29 21:56:16.538  INFO 10264 --- [RMI TCP Connection(22)-127.0.0.1] o.s.i.monitor.IntegrationMBeanExporter   : Summary on shutdown: nullChannel
2019-09-29 21:56:16.538  INFO 10264 --- [RMI TCP Connection(22)-127.0.0.1] o.s.i.monitor.IntegrationMBeanExporter   : Summary on shutdown: springCloudBusOutput
2019-09-29 21:56:16.538  INFO 10264 --- [RMI TCP Connection(22)-127.0.0.1] o.s.i.monitor.IntegrationMBeanExporter   : Summary on shutdown: springCloudBus.anonymous.zM1p--zwR0SC2buJC2S9eg.errors
2019-09-29 21:56:16.538  INFO 10264 --- [RMI TCP Connection(22)-127.0.0.1] o.s.i.monitor.IntegrationMBeanExporter   : Summary on shutdown: org.springframework.cloud.stream.binding.StreamListenerMessageHandler@4345fd45
2019-09-29 21:56:16.538  INFO 10264 --- [RMI TCP Connection(22)-127.0.0.1] o.s.i.monitor.IntegrationMBeanExporter   : Summary on shutdown: _org.springframework.integration.errorLogger.handler
2019-09-29 21:56:16.539  INFO 10264 --- [RMI TCP Connection(22)-127.0.0.1] com.netflix.discovery.DiscoveryClient    : Shutting down DiscoveryClient ...
2019-09-29 21:56:19.540  INFO 10264 --- [RMI TCP Connection(22)-127.0.0.1] com.netflix.discovery.DiscoveryClient    : Unregistering ...
2019-09-29 21:56:19.658  INFO 10264 --- [RMI TCP Connection(22)-127.0.0.1] com.netflix.discovery.DiscoveryClient    : DiscoveryClient_RELIABLE-BUSINESS-MANAGER/localhost:reliable-business-manager:8888 - deregister  status: 200
2019-09-29 21:56:19.668  INFO 10264 --- [RMI TCP Connection(22)-127.0.0.1] com.netflix.discovery.DiscoveryClient    : Completed shut down of DiscoveryClient
